Started GET "/" for ::1 at 2017-02-21 11:17:19 -0600
Processing by Rails::WelcomeController#index as HTML
  Parameters: {"internal"=>true}
  Rendering /Users/cliff/.rvm/gems/ruby-2.3.3@hackathon-trails/gems/railties-5.0.1/lib/rails/templates/rails/welcome/index.html.erb
  Rendered /Users/cliff/.rvm/gems/ruby-2.3.3@hackathon-trails/gems/railties-5.0.1/lib/rails/templates/rails/welcome/index.html.erb (4.0ms)
Completed 200 OK in 21ms (Views: 9.8ms | ActiveRecord: 0.0ms)


Started GET "/" for ::1 at 2017-02-21 11:17:28 -0600
Processing by Rails::WelcomeController#index as HTML
  Parameters: {"internal"=>true}
  Rendering /Users/cliff/.rvm/gems/ruby-2.3.3@hackathon-trails/gems/railties-5.0.1/lib/rails/templates/rails/welcome/index.html.erb
  Rendered /Users/cliff/.rvm/gems/ruby-2.3.3@hackathon-trails/gems/railties-5.0.1/lib/rails/templates/rails/welcome/index.html.erb (3.0ms)
Completed 200 OK in 8ms (Views: 5.0ms | ActiveRecord: 0.0ms)


Started GET "/" for ::1 at 2017-02-21 11:21:25 -0600
Processing by Rails::WelcomeController#index as HTML
  Parameters: {"internal"=>true}
  Rendering /Users/cliff/.rvm/gems/ruby-2.3.3@hackathon-trails/gems/railties-5.0.1/lib/rails/templates/rails/welcome/index.html.erb
  Rendered /Users/cliff/.rvm/gems/ruby-2.3.3@hackathon-trails/gems/railties-5.0.1/lib/rails/templates/rails/welcome/index.html.erb (3.6ms)
Completed 200 OK in 18ms (Views: 9.0ms | ActiveRecord: 0.0ms)


Started GET "/" for ::1 at 2017-02-21 11:22:59 -0600
  
ActiveRecord::PendingMigrationError (

Migrations are pending. To resolve this issue, run:

        bin/rails db:migrate RAILS_ENV=development

):
  
activerecord (5.0.1) lib/active_record/migration.rb:573:in `check_pending!'
activerecord (5.0.1) lib/active_record/migration.rb:549:in `call'
actionpack (5.0.1) lib/action_dispatch/middleware/callbacks.rb:38:in `block in call'
activesupport (5.0.1) lib/active_support/callbacks.rb:97:in `__run_callbacks__'
activesupport (5.0.1) lib/active_support/callbacks.rb:750:in `_run_call_callbacks'
activesupport (5.0.1) lib/active_support/callbacks.rb:90:in `run_callbacks'
actionpack (5.0.1) lib/action_dispatch/middleware/callbacks.rb:36:in `call'
actionpack (5.0.1) lib/action_dispatch/middleware/executor.rb:12:in `call'
actionpack (5.0.1) lib/action_dispatch/middleware/remote_ip.rb:79:in `call'
actionpack (5.0.1) lib/action_dispatch/middleware/debug_exceptions.rb:49:in `call'
web-console (3.4.0) lib/web_console/middleware.rb:135:in `call_app'
web-console (3.4.0) lib/web_console/middleware.rb:28:in `block in call'
web-console (3.4.0) lib/web_console/middleware.rb:18:in `catch'
web-console (3.4.0) lib/web_console/middleware.rb:18:in `call'
actionpack (5.0.1) lib/action_dispatch/middleware/show_exceptions.rb:31:in `call'
railties (5.0.1) lib/rails/rack/logger.rb:36:in `call_app'
railties (5.0.1) lib/rails/rack/logger.rb:24:in `block in call'
activesupport (5.0.1) lib/active_support/tagged_logging.rb:69:in `block in tagged'
activesupport (5.0.1) lib/active_support/tagged_logging.rb:26:in `tagged'
activesupport (5.0.1) lib/active_support/tagged_logging.rb:69:in `tagged'
railties (5.0.1) lib/rails/rack/logger.rb:24:in `call'
sprockets-rails (3.2.0) lib/sprockets/rails/quiet_assets.rb:13:in `call'
actionpack (5.0.1) lib/action_dispatch/middleware/request_id.rb:24:in `call'
rack (2.0.1) lib/rack/method_override.rb:22:in `call'
rack (2.0.1) lib/rack/runtime.rb:22:in `call'
activesupport (5.0.1) lib/active_support/cache/strategy/local_cache_middleware.rb:28:in `call'
actionpack (5.0.1) lib/action_dispatch/middleware/executor.rb:12:in `call'
actionpack (5.0.1) lib/action_dispatch/middleware/static.rb:136:in `call'
rack (2.0.1) lib/rack/sendfile.rb:111:in `call'
railties (5.0.1) lib/rails/engine.rb:522:in `call'
puma (3.7.1) lib/puma/configuration.rb:232:in `call'
puma (3.7.1) lib/puma/server.rb:578:in `handle_request'
puma (3.7.1) lib/puma/server.rb:415:in `process_client'
puma (3.7.1) lib/puma/server.rb:275:in `block in run'
puma (3.7.1) lib/puma/thread_pool.rb:120:in `block in spawn_thread'
  Rendering /Users/cliff/.rvm/gems/ruby-2.3.3@hackathon-trails/gems/actionpack-5.0.1/lib/action_dispatch/middleware/templates/rescues/diagnostics.html.erb within rescues/layout
  Rendering /Users/cliff/.rvm/gems/ruby-2.3.3@hackathon-trails/gems/actionpack-5.0.1/lib/action_dispatch/middleware/templates/rescues/_source.html.erb
  Rendered /Users/cliff/.rvm/gems/ruby-2.3.3@hackathon-trails/gems/actionpack-5.0.1/lib/action_dispatch/middleware/templates/rescues/_source.html.erb (1.8ms)
  Rendering /Users/cliff/.rvm/gems/ruby-2.3.3@hackathon-trails/gems/actionpack-5.0.1/lib/action_dispatch/middleware/templates/rescues/_trace.html.erb
  Rendered /Users/cliff/.rvm/gems/ruby-2.3.3@hackathon-trails/gems/actionpack-5.0.1/lib/action_dispatch/middleware/templates/rescues/_trace.html.erb (1.2ms)
  Rendering /Users/cliff/.rvm/gems/ruby-2.3.3@hackathon-trails/gems/actionpack-5.0.1/lib/action_dispatch/middleware/templates/rescues/_request_and_response.html.erb
  Rendered /Users/cliff/.rvm/gems/ruby-2.3.3@hackathon-trails/gems/actionpack-5.0.1/lib/action_dispatch/middleware/templates/rescues/_request_and_response.html.erb (0.8ms)
  Rendered /Users/cliff/.rvm/gems/ruby-2.3.3@hackathon-trails/gems/actionpack-5.0.1/lib/action_dispatch/middleware/templates/rescues/diagnostics.html.erb within rescues/layout (59.8ms)
  [1m[35m (2.1ms)[0m  [1m[35mCREATE TABLE "schema_migrations" ("version" varchar NOT NULL PRIMARY KEY)[0m
  [1m[35m (0.6ms)[0m  [1m[35mCREATE TABLE "ar_internal_metadata" ("key" varchar NOT NULL PRIMARY KEY, "value" varchar, "created_at" datetime NOT NULL, "updated_at" datetime NOT NULL)[0m
  [1m[36mActiveRecord::SchemaMigration Load (0.1ms)[0m  [1m[34mSELECT "schema_migrations".* FROM "schema_migrations"[0m
Migrating to CreateTrails (20170221172246)
  [1m[35m (0.0ms)[0m  [1m[36mbegin transaction[0m
  [1m[35m (0.3ms)[0m  [1m[35mCREATE TABLE "trails" ("id" INTEGER PRIMARY KEY AUTOINCREMENT NOT NULL, "name" varchar, "material" varchar, "created_at" datetime NOT NULL, "updated_at" datetime NOT NULL)[0m
  [1m[35mSQL (0.2ms)[0m  [1m[32mINSERT INTO "schema_migrations" ("version") VALUES (?)[0m  [["version", "20170221172246"]]
  [1m[35m (0.4ms)[0m  [1m[36mcommit transaction[0m
  [1m[36mActiveRecord::InternalMetadata Load (0.1ms)[0m  [1m[34mSELECT  "ar_internal_metadata".* FROM "ar_internal_metadata" WHERE "ar_internal_metadata"."key" = ? LIMIT ?[0m  [["key", :environment], ["LIMIT", 1]]
  [1m[35m (0.0ms)[0m  [1m[36mbegin transaction[0m
  [1m[35mSQL (0.2ms)[0m  [1m[32mINSERT INTO "ar_internal_metadata" ("key", "value", "created_at", "updated_at") VALUES (?, ?, ?, ?)[0m  [["key", "environment"], ["value", "development"], ["created_at", 2017-02-21 17:23:06 UTC], ["updated_at", 2017-02-21 17:23:06 UTC]]
  [1m[35m (0.5ms)[0m  [1m[36mcommit transaction[0m
  [1m[36mActiveRecord::SchemaMigration Load (0.1ms)[0m  [1m[34mSELECT "schema_migrations".* FROM "schema_migrations"[0m
Started GET "/" for ::1 at 2017-02-21 11:23:09 -0600
  [1m[36mActiveRecord::SchemaMigration Load (0.1ms)[0m  [1m[34mSELECT "schema_migrations".* FROM "schema_migrations"[0m
Processing by Rails::WelcomeController#index as HTML
  Parameters: {"internal"=>true}
  Rendering /Users/cliff/.rvm/gems/ruby-2.3.3@hackathon-trails/gems/railties-5.0.1/lib/rails/templates/rails/welcome/index.html.erb
  Rendered /Users/cliff/.rvm/gems/ruby-2.3.3@hackathon-trails/gems/railties-5.0.1/lib/rails/templates/rails/welcome/index.html.erb (2.7ms)
Completed 200 OK in 15ms (Views: 4.8ms | ActiveRecord: 0.0ms)


Started GET "/trails" for ::1 at 2017-02-21 11:23:32 -0600
Processing by TrailsController#index as HTML
  Rendering trails/index.html.erb within layouts/application
  [1m[36mTrail Load (0.1ms)[0m  [1m[34mSELECT "trails".* FROM "trails"[0m
  Rendered trails/index.html.erb within layouts/application (1.8ms)
Completed 200 OK in 615ms (Views: 610.4ms | ActiveRecord: 0.3ms)


Started GET "/trails/new" for ::1 at 2017-02-21 11:23:37 -0600
Processing by TrailsController#new as HTML
  Rendering trails/new.html.erb within layouts/application
  Rendered trails/_form.html.erb (40.2ms)
  Rendered trails/new.html.erb within layouts/application (42.0ms)
Completed 200 OK in 69ms (Views: 61.6ms | ActiveRecord: 0.4ms)


Started POST "/trails" for ::1 at 2017-02-21 11:23:45 -0600
Processing by TrailsController#create as HTML
  Parameters: {"utf8"=>"✓", "authenticity_token"=>"txVbnae6nGcCF8EpI2TCd8o4Pw7BPUcqG8UEM4RDsLDxcsiODf8XxnM5089uXbTjDCB9jbo7poyPJsQ6kkL4dA==", "trail"=>{"name"=>"Walnut Creek", "material"=>"Cement"}, "commit"=>"Create Trail"}
  [1m[35m (0.1ms)[0m  [1m[36mbegin transaction[0m
  [1m[35mSQL (0.4ms)[0m  [1m[32mINSERT INTO "trails" ("name", "material", "created_at", "updated_at") VALUES (?, ?, ?, ?)[0m  [["name", "Walnut Creek"], ["material", "Cement"], ["created_at", 2017-02-21 17:23:45 UTC], ["updated_at", 2017-02-21 17:23:45 UTC]]
  [1m[35m (0.4ms)[0m  [1m[36mcommit transaction[0m
Redirected to http://localhost:3000/trails/1
Completed 302 Found in 6ms (ActiveRecord: 0.9ms)


Started GET "/trails/1" for ::1 at 2017-02-21 11:23:45 -0600
Processing by TrailsController#show as HTML
  Parameters: {"id"=>"1"}
  [1m[36mTrail Load (0.2ms)[0m  [1m[34mSELECT  "trails".* FROM "trails" WHERE "trails"."id" = ? LIMIT ?[0m  [["id", 1], ["LIMIT", 1]]
  Rendering trails/show.html.erb within layouts/application
  Rendered trails/show.html.erb within layouts/application (0.9ms)
Completed 200 OK in 26ms (Views: 21.1ms | ActiveRecord: 0.2ms)


Started GET "/trails" for ::1 at 2017-02-21 11:24:15 -0600
Processing by TrailsController#index as HTML
  Rendering trails/index.html.erb within layouts/application
  [1m[36mTrail Load (0.2ms)[0m  [1m[34mSELECT "trails".* FROM "trails"[0m
  Rendered trails/index.html.erb within layouts/application (2.1ms)
Completed 200 OK in 49ms (Views: 46.9ms | ActiveRecord: 0.2ms)


Started GET "/trails/new" for ::1 at 2017-02-21 11:24:16 -0600
Processing by TrailsController#new as HTML
  Rendering trails/new.html.erb within layouts/application
  Rendered trails/_form.html.erb (2.7ms)
  Rendered trails/new.html.erb within layouts/application (5.7ms)
Completed 200 OK in 41ms (Views: 38.7ms | ActiveRecord: 0.0ms)


Started POST "/trails" for ::1 at 2017-02-21 11:24:23 -0600
Processing by TrailsController#create as HTML
  Parameters: {"utf8"=>"✓", "authenticity_token"=>"IpKOrvRNjipa6UV4IDinfBG2xrh/f+xFE81xtZHKMixk9R29XggFiyvHV55tAdHo166EOwR5DeOHLrG8h8t66A==", "trail"=>{"name"=>"Sycamore", "material"=>"Dirt"}, "commit"=>"Create Trail"}
  [1m[35m (0.1ms)[0m  [1m[36mbegin transaction[0m
  [1m[35mSQL (0.6ms)[0m  [1m[32mINSERT INTO "trails" ("name", "material", "created_at", "updated_at") VALUES (?, ?, ?, ?)[0m  [["name", "Sycamore"], ["material", "Dirt"], ["created_at", 2017-02-21 17:24:23 UTC], ["updated_at", 2017-02-21 17:24:23 UTC]]
  [1m[35m (2.1ms)[0m  [1m[36mcommit transaction[0m
Redirected to http://localhost:3000/trails/2
Completed 302 Found in 7ms (ActiveRecord: 2.8ms)


Started GET "/trails/2" for ::1 at 2017-02-21 11:24:23 -0600
Processing by TrailsController#show as HTML
  Parameters: {"id"=>"2"}
  [1m[36mTrail Load (0.1ms)[0m  [1m[34mSELECT  "trails".* FROM "trails" WHERE "trails"."id" = ? LIMIT ?[0m  [["id", 2], ["LIMIT", 1]]
  Rendering trails/show.html.erb within layouts/application
  Rendered trails/show.html.erb within layouts/application (1.2ms)
Completed 200 OK in 26ms (Views: 24.3ms | ActiveRecord: 0.1ms)


Started GET "/trails" for ::1 at 2017-02-21 11:24:25 -0600
Processing by TrailsController#index as HTML
  Rendering trails/index.html.erb within layouts/application
  [1m[36mTrail Load (0.1ms)[0m  [1m[34mSELECT "trails".* FROM "trails"[0m
  Rendered trails/index.html.erb within layouts/application (2.1ms)
Completed 200 OK in 23ms (Views: 21.8ms | ActiveRecord: 0.1ms)


